<?xml version="1.0" encoding="UTF-8"?>
<!-- Generated by org.testng.reporters.JUnitReportReporter -->
<testsuite hostname="Karthik-HP" name="testcases.SampleTest" tests="4" failures="0" timestamp="24 May 2015 12:19:45 GMT" time="0.014" errors="0">
  <testcase name="testChangePassword" time="0.001" classname="testcases.SampleTest"/>
  <testcase name="testLogin" time="0.001" classname="testcases.SampleTest"/>
  <testcase name="logout" time="0.001" classname="testcases.SampleTest"/>
  <testcase name="testLogin" time="0.011" classname="testcases.SampleTest"/>
</testsuite> <!-- testcases.SampleTest -->
