<?xml version="1.0" encoding="UTF-8"?>
<!-- Generated by org.testng.reporters.JUnitReportReporter -->
<testsuite hostname="Karthik-HP" name="testcases.RegTest" tests="2" failures="0" timestamp="24 May 2015 12:10:55 GMT" time="0.017" errors="0">
  <testcase name="doRegister" time="0.002" classname="testcases.RegTest"/>
  <testcase name="doRegister" time="0.015" classname="testcases.RegTest"/>
</testsuite> <!-- testcases.RegTest -->
