<?xml version="1.0" encoding="UTF-8"?>
<!-- Generated by org.testng.reporters.JUnitReportReporter -->
<testsuite hostname="Karthik-HP" name="testcases.TestCases" tests="4" failures="0" timestamp="30 May 2015 05:12:50 GMT" time="0.016" errors="0">
  <testcase name="testB" time="0.001" classname="testcases.TestCases"/>
  <testcase name="testB" time="0.001" classname="testcases.TestCases"/>
  <testcase name="testA" time="0.013" classname="testcases.TestCases"/>
  <testcase name="testA" time="0.001" classname="testcases.TestCases"/>
</testsuite> <!-- testcases.TestCases -->
