<?xml version="1.0" encoding="UTF-8"?>
<!-- Generated by org.testng.reporters.JUnitReportReporter -->
<testsuite hostname="Karthik-HP" name="SampleTest" tests="2" failures="0" timestamp="9 May 2015 16:22:13 GMT" time="0.015" errors="0">
  <testcase name="testApp" time="0.014" classname="SampleTest"/>
  <testcase name="testLogin" time="0.001" classname="SampleTest"/>
</testsuite> <!-- SampleTest -->
